<?xml version='1.0' encoding='utf-8'?>
<testsuites>
  <testsuite name="pytest" errors="0" failures="0" skipped="0" tests="2" time="143.086" timestamp="2026-04-07T00:08:10.878932-06:00" hostname="Brads-MacBook-Air.local">
    <testcase classname="tests.test_adversarial.TestAdversarialWithModel" name="test_model_receives_sanitized_injection" time="37.755" />
    <testcase classname="tests.test_adversarial.TestAdversarialWithModel" name="test_audit_trail_captures_adversarial_activity" time="105.306" />
  </testsuite>
</testsuites>