<?xml version='1.0' encoding='utf-8'?>
<testsuites>
  <testsuite name="pytest" errors="0" failures="0" skipped="0" tests="264" time="0.614" timestamp="2026-04-06T21:52:52.518764-06:00" hostname="Brads-MacBook-Air.local">
    <testcase classname="tests.test_audit.TestSummarizeParams" name="test_string_shows_length_not_value" time="0.001" />
    <testcase classname="tests.test_audit.TestSummarizeParams" name="test_secret_keys_redacted" time="0.000" />
    <testcase classname="tests.test_audit.TestSummarizeParams" name="test_secret_key_variations" time="0.000" />
    <testcase classname="tests.test_audit.TestSummarizeParams" name="test_type_summaries" time="0.000" />
    <testcase classname="tests.test_audit.TestSummarizeParams" name="test_empty_params" time="0.000" />
    <testcase classname="tests.test_audit.TestAuditLoggerSecrets" name="test_password_not_in_audit_file" time="0.007" />
    <testcase classname="tests.test_audit.TestAuditLoggerSecrets" name="test_api_key_not_in_audit_file" time="0.001" />
    <testcase classname="tests.test_audit.TestAuditLoggerSecrets" name="test_params_hash_still_present" time="0.001" />
    <testcase classname="tests.test_audit.TestAuditSessionRetention" name="test_entries_survive_flush" time="0.001" />
    <testcase classname="tests.test_audit.TestAuditSessionRetention" name="test_tiny_buffer_limit_retains_all" time="0.001" />
    <testcase classname="tests.test_audit.TestAuditSessionRetention" name="test_close_does_not_lose_entries" time="0.001" />
    <testcase classname="tests.test_audit.TestAuditEnrichedFields" name="test_enriched_fields_written_to_jsonl" time="0.001" />
    <testcase classname="tests.test_audit.TestAuditEnrichedFields" name="test_enriched_fields_default_empty" time="0.002" />
    <testcase classname="tests.test_audit.TestAuditEnrichedFields" name="test_definition_hash_not_a_secret" time="0.001" />
    <testcase classname="tests.test_config.TestServerConfig" name="test_valid_config" time="0.000" />
    <testcase classname="tests.test_config.TestServerConfig" name="test_reject_wildcard_allowlist" time="0.001" />
    <testcase classname="tests.test_config.TestServerConfig" name="test_empty_command_rejected" time="0.000" />
    <testcase classname="tests.test_config.TestServerConfig" name="test_extra_fields_rejected" time="0.000" />
    <testcase classname="tests.test_config.TestServerConfig" name="test_default_rate_limit" time="0.000" />
    <testcase classname="tests.test_config.TestSecurityConfig" name="test_defaults" time="0.000" />
    <testcase classname="tests.test_config.TestSecurityConfig" name="test_max_turns_within_hard_cap" time="0.000" />
    <testcase classname="tests.test_config.TestSecurityConfig" name="test_max_turns_validation_field_order_independent" time="0.000" />
    <testcase classname="tests.test_config.TestSecurityConfig" name="test_custom_detectors" time="0.000" />
    <testcase classname="tests.test_config.TestSecurityConfig" name="test_default_require_first_run_approval" time="0.000" />
    <testcase classname="tests.test_config.TestSecurityConfig" name="test_default_auto_approve_first_seen" time="0.000" />
    <testcase classname="tests.test_config.TestSecurityConfig" name="test_auto_approve_warns_when_require_also_true" time="0.001" />
    <testcase classname="tests.test_config.TestBridgeConfig" name="test_valid_server_names" time="0.000" />
    <testcase classname="tests.test_config.TestBridgeConfig" name="test_invalid_server_name" time="0.000" />
    <testcase classname="tests.test_config.TestBridgeConfig" name="test_destructive_must_be_in_allowed" time="0.000" />
    <testcase classname="tests.test_config.TestBridgeConfig" name="test_destructive_allowed_when_allowlist_empty" time="0.000" />
    <testcase classname="tests.test_config.TestBridgeConfig" name="test_tool_classification" time="0.000" />
    <testcase classname="tests.test_config.TestBridgeConfig" name="test_is_tool_allowed_empty_allowlist" time="0.000" />
    <testcase classname="tests.test_config.TestBridgeConfig" name="test_empty_allowlist_blocks_all_tools" time="0.000" />
    <testcase classname="tests.test_config.TestBridgeConfig" name="test_is_tool_allowed_explicit_list" time="0.000" />
    <testcase classname="tests.test_config.TestBridgeConfig" name="test_unknown_server_not_allowed" time="0.000" />
    <testcase classname="tests.test_config.TestLoadConfig" name="test_load_valid_toml" time="0.001" />
    <testcase classname="tests.test_config.TestLoadConfig" name="test_load_file_not_found" time="0.000" />
    <testcase classname="tests.test_config.TestLoadConfig" name="test_load_invalid_toml" time="0.001" />
    <testcase classname="tests.test_config.TestLoadConfig" name="test_load_minimal_config" time="0.001" />
    <testcase classname="tests.test_integration.TestSecurityGatewayIntegration" name="test_full_pipeline_happy_path" time="0.008" />
    <testcase classname="tests.test_integration.TestSecurityGatewayIntegration" name="test_unapproved_tool_blocked" time="0.004" />
    <testcase classname="tests.test_integration.TestSecurityGatewayIntegration" name="test_invalid_params_blocked" time="0.004" />
    <testcase classname="tests.test_integration.TestSecurityGatewayIntegration" name="test_path_traversal_blocked" time="0.006" />
    <testcase classname="tests.test_integration.TestSecurityGatewayIntegration" name="test_destructive_tool_denied_without_callback" time="0.004" />
    <testcase classname="tests.test_integration.TestSecurityGatewayIntegration" name="test_destructive_tool_approved_with_callback" time="0.005" />
    <testcase classname="tests.test_integration.TestSecurityGatewayIntegration" name="test_rate_limit_enforced" time="0.008" />
    <testcase classname="tests.test_integration.TestSecurityGatewayIntegration" name="test_result_injection_quarantined" time="0.005" />
    <testcase classname="tests.test_integration.TestSecurityGatewayIntegration" name="test_bare_name_resolution" time="0.004" />
    <testcase classname="tests.test_integration.TestSecurityGatewayIntegration" name="test_connect_scan_empty_allowlist_no_approved_tools" time="0.002" />
    <testcase classname="tests.test_integration.TestSecurityGatewayIntegration" name="test_connect_scan_empty_allowlist_tracks_discovered" time="0.002" />
    <testcase classname="tests.test_integration.TestFirstRunApproval" name="test_known_tools_auto_approved" time="0.003" />
    <testcase classname="tests.test_integration.TestFirstRunApproval" name="test_first_seen_pending_with_default_config" time="0.002" />
    <testcase classname="tests.test_integration.TestFirstRunApproval" name="test_callback_approves_all" time="0.003" />
    <testcase classname="tests.test_integration.TestFirstRunApproval" name="test_callback_denies_all" time="0.003" />
    <testcase classname="tests.test_integration.TestFirstRunApproval" name="test_callback_mixed_decisions" time="0.003" />
    <testcase classname="tests.test_integration.TestFirstRunApproval" name="test_callback_partial_response" time="0.003" />
    <testcase classname="tests.test_integration.TestFirstRunApproval" name="test_auto_approve_first_seen" time="0.004" />
    <testcase classname="tests.test_integration.TestFirstRunApproval" name="test_no_callback_tools_stay_pending" time="0.002" />
    <testcase classname="tests.test_integration.TestFirstRunApproval" name="test_blocked_sanitization_never_pending" time="0.002" />
    <testcase classname="tests.test_integration.TestFirstRunApproval" name="test_blocked_integrity_never_pending" time="0.004" />
    <testcase classname="tests.test_integration.TestFirstRunApproval" name="test_pending_tool_not_callable" time="0.003" />
    <testcase classname="tests.test_integration.TestFirstRunApproval" name="test_scan_result_structure" time="0.002" />
    <testcase classname="tests.test_integration.TestFirstRunApproval" name="test_require_first_run_false_legacy" time="0.003" />
    <testcase classname="tests.test_integration.TestRegistryApprovalModes" name="test_callback_approval_stores_first_run_explicit" time="0.003" />
    <testcase classname="tests.test_integration.TestRegistryApprovalModes" name="test_auto_approve_stores_auto_approved" time="0.003" />
    <testcase classname="tests.test_integration.TestRegistryApprovalModes" name="test_legacy_mode_stores_auto_approved" time="0.003" />
    <testcase classname="tests.test_integration.TestRegistryApprovalModes" name="test_known_tool_touch_preserves_mode" time="0.003" />
    <testcase classname="tests.test_integration.TestRegistryApprovalModes" name="test_callback_denial_records_denied_hash" time="0.003" />
    <testcase classname="tests.test_integration.TestRegistryApprovalModes" name="test_mixed_approval_denial_registry_state" time="0.003" />
    <testcase classname="tests.test_integration.TestRegistryApprovalModes" name="test_denied_tool_not_auto_approved_on_rescan" time="0.004" />
    <testcase classname="tests.test_integration.TestApproveToolAPI" name="test_approve_pending_tool" time="0.003" />
    <testcase classname="tests.test_integration.TestApproveToolAPI" name="test_approve_stores_first_run_explicit" time="0.003" />
    <testcase classname="tests.test_integration.TestApproveToolAPI" name="test_deny_pending_tool" time="0.003" />
    <testcase classname="tests.test_integration.TestApproveToolAPI" name="test_approve_then_deny_others" time="0.003" />
    <testcase classname="tests.test_integration.TestApproveToolAPI" name="test_approve_unknown_tool_raises" time="0.003" />
    <testcase classname="tests.test_integration.TestApproveToolAPI" name="test_deny_unknown_tool_raises" time="0.019" />
    <testcase classname="tests.test_integration.TestApproveToolAPI" name="test_approve_already_approved_idempotent" time="0.004" />
    <testcase classname="tests.test_integration.TestApproveToolAPI" name="test_deny_already_denied_idempotent" time="0.002" />
    <testcase classname="tests.test_integration.TestApproveToolAPI" name="test_approve_blocked_sanitization_raises" time="0.003" />
    <testcase classname="tests.test_integration.TestApproveToolAPI" name="test_approve_blocked_integrity_reapproves" time="0.004" />
    <testcase classname="tests.test_integration.TestApproveToolAPI" name="test_revoke_approved_tool" time="0.006" />
    <testcase classname="tests.test_integration.TestApproveToolAPI" name="test_revoked_tool_not_callable" time="0.007" />
    <testcase classname="tests.test_integration.TestApproveToolAPI" name="test_approve_deny_approve_roundtrip" time="0.005" />
    <testcase classname="tests.test_integration.TestApproveToolAPI" name="test_approved_tool_becomes_callable" time="0.006" />
    <testcase classname="tests.test_integration.TestApproveToolAPI" name="test_list_pending_shrinks_after_approval" time="0.005" />
    <testcase classname="tests.test_integration.TestAuditFidelity" name="test_approval_audit_has_mode_and_hash" time="0.006" />
    <testcase classname="tests.test_integration.TestAuditFidelity" name="test_denial_audit_has_hash" time="0.006" />
    <testcase classname="tests.test_integration.TestAuditFidelity" name="test_pending_audit_has_hash" time="0.003" />
    <testcase classname="tests.test_integration.TestAuditFidelity" name="test_rug_pull_emits_reapproval_required" time="0.003" />
    <testcase classname="tests.test_integration.TestAuditFidelity" name="test_timeout_logged_as_timeout_not_denial" time="0.015" />
    <testcase classname="tests.test_integration.TestAuditFidelity" name="test_explicit_denial_logged_as_denied" time="0.004" />
    <testcase classname="tests.test_integration.TestAuditFidelity" name="test_no_callback_logged_as_denied_with_no_callback" time="0.003" />
    <testcase classname="tests.test_integration.TestAgentLoopIntegration" name="test_single_turn_no_tools" time="0.003" />
    <testcase classname="tests.test_integration.TestAgentLoopIntegration" name="test_tool_call_then_final_response" time="0.003" />
    <testcase classname="tests.test_integration.TestAgentLoopIntegration" name="test_blocked_tool_fed_back_to_model" time="0.002" />
    <testcase classname="tests.test_integration.TestAgentLoopIntegration" name="test_security_exception_fed_back_to_model" time="0.002" />
    <testcase classname="tests.test_integration.TestAgentLoopIntegration" name="test_max_turns_truncation" time="0.002" />
    <testcase classname="tests.test_integration.TestAgentLoopIntegration" name="test_multiple_tool_calls_in_single_turn" time="0.002" />
    <testcase classname="tests.test_integration.TestAgentLoopIntegration" name="test_event_callback_receives_all_events" time="0.003" />
    <testcase classname="tests.test_integration.TestAgentLoopIntegration" name="test_message_ordering_assistant_before_tool_results" time="0.003" />
    <testcase classname="tests.test_integration.TestAgentLoopIntegration" name="test_tool_result_message_includes_name" time="0.002" />
    <testcase classname="tests.test_integration.TestAgentLoopIntegration" name="test_parameter_rejection_includes_schema_hint" time="0.002" />
    <testcase classname="tests.test_integration.TestExecuteStreamLive" name="test_tool_call_before_done" time="0.002" />
    <testcase classname="tests.test_integration.TestExecuteStreamLive" name="test_slow_tool_produces_incremental_events" time="0.054" />
    <testcase classname="tests.test_integration.TestExecuteStreamLive" name="test_streaming_error_propagation" time="0.002" />
    <testcase classname="tests.test_integration.TestExecuteStreamLive" name="test_no_tools_stream" time="0.002" />
    <testcase classname="tests.test_integration.TestSemanticDefenseIntegration" name="test_execute_tool_returns_provenance" time="0.005" />
    <testcase classname="tests.test_integration.TestSemanticDefenseIntegration" name="test_execute_tool_returns_risk_assessment" time="0.005" />
    <testcase classname="tests.test_integration.TestSemanticDefenseIntegration" name="test_injected_result_has_high_risk_assessment" time="0.006" />
    <testcase classname="tests.test_integration.TestSemanticDefenseIntegration" name="test_clean_result_zero_risk" time="0.005" />
    <testcase classname="tests.test_security.TestInstructionLanguageDetector" name="test_clean_description" time="0.000" />
    <testcase classname="tests.test_security.TestInstructionLanguageDetector" name="test_imperative_instruction" time="0.000" />
    <testcase classname="tests.test_security.TestInstructionLanguageDetector" name="test_multiple_instructions" time="0.000" />
    <testcase classname="tests.test_security.TestInstructionLanguageDetector" name="test_override_language" time="0.000" />
    <testcase classname="tests.test_security.TestInstructionLanguageDetector" name="test_subtle_instruction" time="0.000" />
    <testcase classname="tests.test_security.TestCrossToolReferenceDetector" name="test_clean" time="0.000" />
    <testcase classname="tests.test_security.TestCrossToolReferenceDetector" name="test_cross_reference" time="0.000" />
    <testcase classname="tests.test_security.TestCrossToolReferenceDetector" name="test_override_reference" time="0.000" />
    <testcase classname="tests.test_security.TestExfiltrationPatternDetector" name="test_clean" time="0.000" />
    <testcase classname="tests.test_security.TestExfiltrationPatternDetector" name="test_url_in_description" time="0.000" />
    <testcase classname="tests.test_security.TestExfiltrationPatternDetector" name="test_base64_reference" time="0.000" />
    <testcase classname="tests.test_security.TestExfiltrationPatternDetector" name="test_webhook" time="0.000" />
    <testcase classname="tests.test_security.TestExfiltrationPatternDetector" name="test_curl_command" time="0.000" />
    <testcase classname="tests.test_security.TestPrivilegeEscalationDetector" name="test_clean" time="0.000" />
    <testcase classname="tests.test_security.TestPrivilegeEscalationDetector" name="test_admin_access" time="0.000" />
    <testcase classname="tests.test_security.TestPrivilegeEscalationDetector" name="test_sudo" time="0.000" />
    <testcase classname="tests.test_security.TestPrivilegeEscalationDetector" name="test_escalation" time="0.000" />
    <testcase classname="tests.test_security.TestLengthAnomalyDetector" name="test_short_description" time="0.000" />
    <testcase classname="tests.test_security.TestLengthAnomalyDetector" name="test_normal_length" time="0.000" />
    <testcase classname="tests.test_security.TestLengthAnomalyDetector" name="test_suspicious_length" time="0.000" />
    <testcase classname="tests.test_security.TestLengthAnomalyDetector" name="test_very_long" time="0.000" />
    <testcase classname="tests.test_security.TestRoleImpersonationDetector" name="test_clean" time="0.000" />
    <testcase classname="tests.test_security.TestRoleImpersonationDetector" name="test_system_prefix" time="0.000" />
    <testcase classname="tests.test_security.TestRoleImpersonationDetector" name="test_assistant_prefix" time="0.000" />
    <testcase classname="tests.test_security.TestRoleImpersonationDetector" name="test_chat_ml_tags" time="0.000" />
    <testcase classname="tests.test_security.TestRoleImpersonationDetector" name="test_markdown_instruction" time="0.000" />
    <testcase classname="tests.test_security.TestEncodingObfuscationDetector" name="test_clean_ascii" time="0.000" />
    <testcase classname="tests.test_security.TestEncodingObfuscationDetector" name="test_zero_width_chars" time="0.001" />
    <testcase classname="tests.test_security.TestEncodingObfuscationDetector" name="test_homoglyph_attack" time="0.000" />
    <testcase classname="tests.test_security.TestToolSanitizer" name="test_clean_tool_passes" time="0.001" />
    <testcase classname="tests.test_security.TestToolSanitizer" name="test_poisoned_tool_blocked" time="0.001" />
    <testcase classname="tests.test_security.TestToolSanitizer" name="test_scans_all_fields" time="0.000" />
    <testcase classname="tests.test_security.TestToolSanitizer" name="test_scans_enum_values" time="0.000" />
    <testcase classname="tests.test_security.TestToolSanitizer" name="test_scans_default_values" time="0.000" />
    <testcase classname="tests.test_security.TestToolSanitizer" name="test_unicode_normalization" time="0.001" />
    <testcase classname="tests.test_security.TestToolSanitizer" name="test_configurable_detectors" time="0.000" />
    <testcase classname="tests.test_security.TestParameterValidator" name="test_valid_params" time="0.001" />
    <testcase classname="tests.test_security.TestParameterValidator" name="test_missing_required" time="0.001" />
    <testcase classname="tests.test_security.TestParameterValidator" name="test_wrong_type" time="0.001" />
    <testcase classname="tests.test_security.TestParameterValidator" name="test_path_traversal_blocked" time="0.001" />
    <testcase classname="tests.test_security.TestParameterValidator" name="test_shell_metacharacters_blocked" time="0.001" />
    <testcase classname="tests.test_security.TestParameterValidator" name="test_nan_infinity_blocked" time="0.001" />
    <testcase classname="tests.test_security.TestParameterValidator" name="test_deep_nesting_blocked" time="0.001" />
    <testcase classname="tests.test_security.TestParameterValidator" name="test_oversized_string_blocked" time="0.001" />
    <testcase classname="tests.test_security.TestParameterValidator" name="test_oversized_array_blocked" time="0.002" />
    <testcase classname="tests.test_security.TestResultSanitizer" name="test_clean_result" time="0.000" />
    <testcase classname="tests.test_security.TestResultSanitizer" name="test_truncation" time="0.000" />
    <testcase classname="tests.test_security.TestResultSanitizer" name="test_role_prefix_redacted" time="0.000" />
    <testcase classname="tests.test_security.TestResultSanitizer" name="test_instruction_injection_redacted" time="0.001" />
    <testcase classname="tests.test_security.TestResultSanitizer" name="test_heavy_injection_quarantined" time="0.000" />
    <testcase classname="tests.test_security.TestResultSanitizer" name="test_provenance_tag_added" time="0.000" />
    <testcase classname="tests.test_security.TestToolApprovalRegistry" name="test_new_tool_not_approved" time="0.002" />
    <testcase classname="tests.test_security.TestToolApprovalRegistry" name="test_approve_and_check" time="0.001" />
    <testcase classname="tests.test_security.TestToolApprovalRegistry" name="test_approve_stores_structured_entry" time="0.001" />
    <testcase classname="tests.test_security.TestToolApprovalRegistry" name="test_approve_modes" time="0.001" />
    <testcase classname="tests.test_security.TestToolApprovalRegistry" name="test_rug_pull_detection" time="0.001" />
    <testcase classname="tests.test_security.TestToolApprovalRegistry" name="test_persistence" time="0.001" />
    <testcase classname="tests.test_security.TestToolApprovalRegistry" name="test_legacy_migration" time="0.001" />
    <testcase classname="tests.test_security.TestToolApprovalRegistry" name="test_legacy_migration_preserves_integrity_check" time="0.001" />
    <testcase classname="tests.test_security.TestToolApprovalRegistry" name="test_corrupt_registry_starts_fresh" time="0.001" />
    <testcase classname="tests.test_security.TestToolApprovalRegistry" name="test_deny_tracking" time="0.001" />
    <testcase classname="tests.test_security.TestToolApprovalRegistry" name="test_deny_then_approve_different_hash" time="0.001" />
    <testcase classname="tests.test_security.TestToolApprovalRegistry" name="test_deny_preserves_existing_approval" time="0.001" />
    <testcase classname="tests.test_security.TestToolApprovalRegistry" name="test_deny_idempotent" time="0.001" />
    <testcase classname="tests.test_security.TestToolApprovalRegistry" name="test_touch_updates_last_seen" time="0.014" />
    <testcase classname="tests.test_security.TestToolApprovalRegistry" name="test_reapproval_updates_hash_and_mode" time="0.002" />
    <testcase classname="tests.test_security.TestToolApprovalRegistry" name="test_check_integrity_deny_only_entry" time="0.001" />
    <testcase classname="tests.test_security.TestToolApprovalRegistry" name="test_deny_only_entry_not_known" time="0.001" />
    <testcase classname="tests.test_security.TestToolApprovalRegistry" name="test_get_entry_returns_none_for_unknown" time="0.001" />
    <testcase classname="tests.test_security.TestRateLimiter" name="test_within_limits" time="0.000" />
    <testcase classname="tests.test_security.TestRateLimiter" name="test_session_limit_exceeded" time="0.000" />
    <testcase classname="tests.test_security.TestActionGate" name="test_read_always_approved" time="0.000" />
    <testcase classname="tests.test_security.TestActionGate" name="test_destructive_needs_confirmation" time="0.000" />
    <testcase classname="tests.test_security.TestActionGate" name="test_always_approved_bypass" time="0.000" />
    <testcase classname="tests.test_security.TestActionGate" name="test_write_approved_by_default" time="0.000" />
    <testcase classname="tests.test_security.TestActionGate" name="test_confirmation_returns_confirmed" time="0.001" />
    <testcase classname="tests.test_security.TestActionGate" name="test_confirmation_returns_denied" time="0.001" />
    <testcase classname="tests.test_security.TestActionGate" name="test_confirmation_timeout_distinct_from_denial" time="0.012" />
    <testcase classname="tests.test_security.TestActionGate" name="test_no_callback_returns_no_callback" time="0.001" />
    <testcase classname="tests.test_security.TestSEC5_AdditionalPropertiesFalse" name="test_extra_fields_rejected" time="0.001" />
    <testcase classname="tests.test_security.TestSEC5_AdditionalPropertiesFalse" name="test_declared_fields_still_work" time="0.001" />
    <testcase classname="tests.test_security.TestSEC5_AdditionalPropertiesFalse" name="test_explicit_additional_properties_true_respected" time="0.001" />
    <testcase classname="tests.test_security.TestSEC13_PerToolRateLimit" name="test_per_tool_limit_enforced" time="0.000" />
    <testcase classname="tests.test_security.TestSEC13_PerToolRateLimit" name="test_different_tools_independent" time="0.000" />
    <testcase classname="tests.test_security.TestSEC4_ExpandedDangerousChars" name="test_parentheses_blocked" time="0.001" />
    <testcase classname="tests.test_security.TestSEC4_ExpandedDangerousChars" name="test_newline_blocked" time="0.001" />
    <testcase classname="tests.test_security.TestSEC4_ExpandedDangerousChars" name="test_carriage_return_blocked" time="0.001" />
    <testcase classname="tests.test_security.TestSEC14_EmptySchemaBypass" name="test_empty_schema_rejects_params" time="0.000" />
    <testcase classname="tests.test_security.TestSEC14_EmptySchemaBypass" name="test_empty_schema_allows_empty_params" time="0.000" />
    <testcase classname="tests.test_security.TestNestedParameterValidation" name="test_nested_path_traversal_blocked" time="0.002" />
    <testcase classname="tests.test_security.TestNestedParameterValidation" name="test_nested_shell_metachar_blocked" time="0.002" />
    <testcase classname="tests.test_security.TestNestedParameterValidation" name="test_array_of_strings_checked" time="0.002" />
    <testcase classname="tests.test_security.TestNestedParameterValidation" name="test_deeply_nested_traversal_blocked" time="0.001" />
    <testcase classname="tests.test_security.TestNestedParameterValidation" name="test_clean_nested_values_pass" time="0.001" />
    <testcase classname="tests.test_security.TestSemanticRiskAssessor" name="test_clean_content_no_risk" time="0.000" />
    <testcase classname="tests.test_security.TestSemanticRiskAssessor" name="test_clean_tool_result" time="0.000" />
    <testcase classname="tests.test_security.TestSemanticRiskAssessor" name="test_instruction_override_detection" time="0.000" />
    <testcase classname="tests.test_security.TestSemanticRiskAssessor" name="test_role_impersonation_flags_instruction_override" time="0.000" />
    <testcase classname="tests.test_security.TestSemanticRiskAssessor" name="test_exfiltration_detection" time="0.000" />
    <testcase classname="tests.test_security.TestSemanticRiskAssessor" name="test_webhook_exfiltration" time="0.000" />
    <testcase classname="tests.test_security.TestSemanticRiskAssessor" name="test_cross_tool_routing_detection" time="0.000" />
    <testcase classname="tests.test_security.TestSemanticRiskAssessor" name="test_privilege_escalation_detection" time="0.000" />
    <testcase classname="tests.test_security.TestSemanticRiskAssessor" name="test_encoding_obfuscation_detection" time="0.000" />
    <testcase classname="tests.test_security.TestSemanticRiskAssessor" name="test_social_pressure_detection" time="0.000" />
    <testcase classname="tests.test_security.TestSemanticRiskAssessor" name="test_trust_me_pattern" time="0.000" />
    <testcase classname="tests.test_security.TestSemanticRiskAssessor" name="test_urgency_manipulation_detection" time="0.000" />
    <testcase classname="tests.test_security.TestSemanticRiskAssessor" name="test_sensitive_data_request_detection" time="0.000" />
    <testcase classname="tests.test_security.TestSemanticRiskAssessor" name="test_third_party_provenance_amplifies_risk" time="0.000" />
    <testcase classname="tests.test_security.TestSemanticRiskAssessor" name="test_user_provenance_no_amplification" time="0.000" />
    <testcase classname="tests.test_security.TestSemanticRiskAssessor" name="test_compound_attack_multiple_flags" time="0.000" />
    <testcase classname="tests.test_security.TestSemanticRiskAssessor" name="test_risk_score_normalized_0_to_1" time="0.000" />
    <testcase classname="tests.test_security.TestSemanticRiskAssessor" name="test_explanation_includes_signals" time="0.000" />
    <testcase classname="tests.test_security.TestSemanticRiskAssessor" name="test_explanation_includes_provenance" time="0.000" />
    <testcase classname="tests.test_security.TestResultSanitizerWithAssessment" name="test_clean_result_with_assessment" time="0.000" />
    <testcase classname="tests.test_security.TestResultSanitizerWithAssessment" name="test_injected_result_with_assessment" time="0.000" />
    <testcase classname="tests.test_security.TestResultSanitizerWithAssessment" name="test_quarantined_result_with_assessment" time="0.000" />
    <testcase classname="tests.test_security.TestResultSanitizerWithAssessment" name="test_sanitize_and_assess_with_provenance" time="0.000" />
    <testcase classname="tests.test_security.TestResultSanitizerWithAssessment" name="test_sanitize_still_works_without_assess" time="0.000" />
    <testcase classname="tests.test_translator.TestResolveRefs" name="test_no_refs_passthrough" time="0.000" />
    <testcase classname="tests.test_translator.TestResolveRefs" name="test_simple_ref_resolution" time="0.000" />
    <testcase classname="tests.test_translator.TestResolveRefs" name="test_definitions_key" time="0.000" />
    <testcase classname="tests.test_translator.TestResolveRefs" name="test_removes_defs_after_resolution" time="0.000" />
    <testcase classname="tests.test_translator.TestFlattenUnionTypes" name="test_anyof_flattened" time="0.000" />
    <testcase classname="tests.test_translator.TestFlattenUnionTypes" name="test_no_union_passthrough" time="0.000" />
    <testcase classname="tests.test_translator.TestToolTranslator" name="test_to_ollama_tools" time="0.000" />
    <testcase classname="tests.test_translator.TestToolTranslator" name="test_namespace_format" time="0.000" />
    <testcase classname="tests.test_translator.TestToolTranslator" name="test_parse_tool_call_namespaced" time="0.000" />
    <testcase classname="tests.test_translator.TestToolTranslator" name="test_parse_tool_call_bare_name" time="0.000" />
    <testcase classname="tests.test_translator.TestToolTranslator" name="test_parse_unknown_tool" time="0.000" />
    <testcase classname="tests.test_translator.TestToolTranslator" name="test_to_tool_result_message" time="0.000" />
    <testcase classname="tests.test_translator.TestToolTranslator" name="test_to_ollama_messages_with_system" time="0.000" />
    <testcase classname="tests.test_translator.TestToolTranslator" name="test_to_ollama_messages_no_system" time="0.000" />
    <testcase classname="tests.test_types.TestToolSchema" name="test_definition_hash_deterministic" time="0.000" />
    <testcase classname="tests.test_types.TestToolSchema" name="test_definition_hash_changes_on_modification" time="0.000" />
    <testcase classname="tests.test_types.TestToolSchema" name="test_raw_definition_canonical" time="0.000" />
    <testcase classname="tests.test_types.TestToolSchema" name="test_frozen_model" time="0.002" />
    <testcase classname="tests.test_types.TestApprovedTool" name="test_namespaced_name" time="0.000" />
    <testcase classname="tests.test_types.TestApprovedTool" name="test_namespaced_name_format" time="0.000" />
    <testcase classname="tests.test_types.TestOllamaToolCall" name="test_server_extraction" time="0.000" />
    <testcase classname="tests.test_types.TestOllamaToolCall" name="test_bare_name_no_server" time="0.000" />
    <testcase classname="tests.test_types.TestOllamaToolCall" name="test_arguments_preserved" time="0.000" />
    <testcase classname="tests.test_types.TestSourceType" name="test_all_source_types_defined" time="0.000" />
    <testcase classname="tests.test_types.TestSourceType" name="test_string_enum" time="0.000" />
    <testcase classname="tests.test_types.TestTrustLevel" name="test_all_trust_levels_defined" time="0.000" />
    <testcase classname="tests.test_types.TestTrustLevel" name="test_string_enum" time="0.000" />
    <testcase classname="tests.test_types.TestContentProvenance" name="test_defaults" time="0.000" />
    <testcase classname="tests.test_types.TestContentProvenance" name="test_tool_result_provenance" time="0.000" />
    <testcase classname="tests.test_types.TestContentProvenance" name="test_trusted_system_provenance" time="0.000" />
    <testcase classname="tests.test_types.TestContentProvenance" name="test_serialization_roundtrip" time="0.000" />
    <testcase classname="tests.test_types.TestSemanticRiskAssessment" name="test_clean_defaults" time="0.000" />
    <testcase classname="tests.test_types.TestSemanticRiskAssessment" name="test_high_risk_assessment" time="0.000" />
    <testcase classname="tests.test_types.TestSemanticRiskAssessment" name="test_serialization_roundtrip" time="0.000" />
    <testcase classname="tests.test_types.TestExecutionResultWithProvenance" name="test_execution_result_carries_provenance" time="0.000" />
    <testcase classname="tests.test_types.TestExecutionResultWithProvenance" name="test_execution_result_provenance_optional" time="0.001" />
  </testsuite>
  <testsuite name="pytest" errors="0" failures="0" skipped="0" tests="6" time="3.656" timestamp="2026-04-06T21:53:14.291290-06:00" hostname="Brads-MacBook-Air.local">
    <testcase classname="tests.test_live_mcp.TestMCPConnection" name="test_connect_discovers_tools" time="0.624" />
    <testcase classname="tests.test_live_mcp.TestMCPConnection" name="test_connect_with_allowlist_subset" time="0.598" />
    <testcase classname="tests.test_live_mcp.TestMCPConnection" name="test_empty_allowlist_blocks_all" time="0.580" />
    <testcase classname="tests.test_live_mcp.TestMCPApprovalFlow" name="test_pending_approval_blocks_until_approved" time="0.616" />
    <testcase classname="tests.test_live_mcp.TestMCPApprovalFlow" name="test_approval_callback_approves_tools" time="0.604" />
    <testcase classname="tests.test_live_mcp.TestMCPApprovalFlow" name="test_selective_approval" time="0.612" />
  </testsuite>
  <testsuite name="pytest" errors="0" failures="0" skipped="0" tests="8" time="4.947" timestamp="2026-04-06T21:54:29.779254-06:00" hostname="Brads-MacBook-Air.local">
    <testcase classname="tests.test_adversarial.TestAdversarialResultSanitization" name="test_role_injection_caught" time="0.639" />
    <testcase classname="tests.test_adversarial.TestAdversarialResultSanitization" name="test_exfiltration_attempt_flagged" time="0.624" />
    <testcase classname="tests.test_adversarial.TestAdversarialResultSanitization" name="test_instruction_override_in_document" time="0.608" />
    <testcase classname="tests.test_adversarial.TestAdversarialResultSanitization" name="test_social_engineering_detected" time="0.604" />
    <testcase classname="tests.test_adversarial.TestAdversarialResultSanitization" name="test_hidden_instructions_detected" time="0.616" />
    <testcase classname="tests.test_adversarial.TestAdversarialResultSanitization" name="test_clean_result_not_flagged" time="0.601" />
    <testcase classname="tests.test_adversarial.TestAdversarialResultSanitization" name="test_provenance_set_for_adversarial_results" time="0.611" />
    <testcase classname="tests.test_adversarial.TestAdversarialResultSanitization" name="test_provenance_amplifies_third_party_injection" time="0.618" />
  </testsuite>
  <testsuite name="pytest" errors="0" failures="0" skipped="0" tests="7" time="225.685" timestamp="2026-04-06T21:54:44.874103-06:00" hostname="Brads-MacBook-Air.local">
    <testcase classname="tests.test_live_model.TestModelToolExecution" name="test_model_calls_echo_tool" time="25.681" />
    <testcase classname="tests.test_live_model.TestModelToolExecution" name="test_model_calls_add_tool" time="28.517" />
    <testcase classname="tests.test_live_model.TestModelToolExecution" name="test_echo_result_relayed_to_user" time="31.755" />
    <testcase classname="tests.test_live_model.TestModelToolExecution" name="test_execution_has_provenance" time="21.098" />
    <testcase classname="tests.test_live_model.TestModelSecurityPipeline" name="test_unapproved_tool_not_callable" time="50.067" />
    <testcase classname="tests.test_live_model.TestModelSecurityPipeline" name="test_result_sanitization_on_real_output" time="28.805" />
    <testcase classname="tests.test_live_model.TestModelSecurityPipeline" name="test_conversation_turns_tracked" time="39.728" />
  </testsuite>
  <testsuite name="pytest" errors="0" failures="0" skipped="0" tests="10" time="447.094" timestamp="2026-04-06T21:58:57.451999-06:00" hostname="Brads-MacBook-Air.local">
    <testcase classname="tests.test_live_multistep.TestMultiToolUse" name="test_two_different_tools_called" time="40.990" />
    <testcase classname="tests.test_live_multistep.TestMultiToolUse" name="test_multiple_add_calls" time="38.428" />
    <testcase classname="tests.test_live_multistep.TestResultChaining" name="test_chain_echo_then_reference_result" time="76.708" />
    <testcase classname="tests.test_live_multistep.TestResultChaining" name="test_add_result_feeds_next_add" time="58.126" />
    <testcase classname="tests.test_live_multistep.TestFaultTolerance" name="test_tool_error_fed_back_to_model" time="39.992" />
    <testcase classname="tests.test_live_multistep.TestFaultTolerance" name="test_tool_error_then_successful_tool" time="39.886" />
    <testcase classname="tests.test_live_multistep.TestFaultTolerance" name="test_flaky_tool_succeeds_on_safe_input" time="23.474" />
    <testcase classname="tests.test_live_multistep.TestFaultTolerance" name="test_error_captured_in_tool_records" time="36.678" />
    <testcase classname="tests.test_live_multistep.TestFaultTolerance" name="test_conversation_completes_despite_errors" time="68.687" />
    <testcase classname="tests.test_live_multistep.TestFaultTolerance" name="test_blocked_tool_then_fallback" time="24.080" />
  </testsuite>
  <testsuite name="pytest" errors="0" failures="0" skipped="0" tests="2" time="92.397" timestamp="2026-04-06T22:06:40.908490-06:00" hostname="Brads-MacBook-Air.local">
    <testcase classname="tests.test_adversarial.TestAdversarialWithModel" name="test_model_receives_sanitized_injection" time="26.308" />
    <testcase classname="tests.test_adversarial.TestAdversarialWithModel" name="test_audit_trail_captures_adversarial_activity" time="66.066" />
  </testsuite>
</testsuites>